<?xml version="1.0" encoding="UTF-8"?>
<!-- Generated by org.testng.reporters.JUnitReportReporter -->
<testsuite skipped="0" hostname="DESKTOP-2ULNMI8" name="testPack.NewTest" tests="1" failures="0" timestamp="09 Nov 2022 15:21:43 GMT" time="7.650" errors="0">
  <testcase name="class1" time="7.650" classname="testPack.NewTest"/>
</testsuite> <!-- testPack.NewTest -->
